[INFO ] 2022-10-22 13:11:51.637 [main] MyStoreV1 - url is opened
[INFO ] 2022-10-22 13:11:56.541 [main] MyStoreV1 - Clicked on sign in link
[INFO ] 2022-10-22 13:11:56.713 [main] MyStoreV1 - Entering email id : HFCK123@gmail.com
[INFO ] 2022-10-22 13:12:02.742 [main] MyStoreV1 - VerifyRegistrationAndLogin - Passed
[INFO ] 2022-10-22 13:12:05.320 [main] MyStoreV1 - verifyUserLogin test execution started....
[INFO ] 2022-10-22 13:12:08.303 [main] MyStoreV1 - Clicked on sign in link
[INFO ] 2022-10-22 13:12:08.406 [main] MyStoreV1 - User entered useremail id : HFCK123@gmail.com
[INFO ] 2022-10-22 13:12:08.491 [main] MyStoreV1 - User entered password
[INFO ] 2022-10-22 13:12:11.194 [main] MyStoreV1 - User Login Submitted...
[INFO ] 2022-10-22 13:12:19.512 [main] MyStoreV1 - Driver is closed
[INFO ] 2022-10-22 13:12:34.713 [main] MyStoreV1 - url is opened
[INFO ] 2022-10-22 13:12:34.717 [main] MyStoreV1 - 
*************Testcase buy product started*********************
[INFO ] 2022-10-22 13:15:43.204 [main] MyStoreV1 - url is opened
[INFO ] 2022-10-22 13:16:04.309 [main] MyStoreV1 - Clicked on sign in link
[INFO ] 2022-10-22 13:18:22.883 [main] MyStoreV1 - url is opened
[INFO ] 2022-10-22 13:18:27.792 [main] MyStoreV1 - Clicked on sign in link
[INFO ] 2022-10-22 13:18:28.181 [main] MyStoreV1 - Entering email id : KGOO123@gmail.com
[INFO ] 2022-10-22 13:18:34.600 [main] MyStoreV1 - VerifyRegistrationAndLogin - Passed
[INFO ] 2022-10-22 13:18:37.590 [main] MyStoreV1 - verifyUserLogin test execution started....
[INFO ] 2022-10-22 13:18:39.805 [main] MyStoreV1 - Clicked on sign in link
[INFO ] 2022-10-22 13:18:39.934 [main] MyStoreV1 - User entered useremail id : KGOO123@gmail.com
[INFO ] 2022-10-22 13:18:40.036 [main] MyStoreV1 - User entered password
[INFO ] 2022-10-22 13:18:42.497 [main] MyStoreV1 - User Login Submitted...
[INFO ] 2022-10-22 13:18:42.548 [main] MyStoreV1 - verifyUserLogin - Passed
[INFO ] 2022-10-22 13:18:43.070 [main] MyStoreV1 - Driver is closed
[INFO ] 2022-10-22 13:18:52.433 [main] MyStoreV1 - url is opened
[INFO ] 2022-10-22 13:18:52.435 [main] MyStoreV1 - 
*************Testcase buy product started*********************
[INFO ] 2022-10-22 13:18:59.339 [main] MyStoreV1 - User entered useremail is KGOO123@gmail.com
[INFO ] 2022-10-22 13:18:59.458 [main] MyStoreV1 - User entered password
[INFO ] 2022-10-22 13:19:02.453 [main] MyStoreV1 - User Login Submitted...
[INFO ] 2022-10-22 13:19:02.917 [main] MyStoreV1 - User has enter T-shirts in the search box
[INFO ] 2022-10-22 13:19:04.861 [main] MyStoreV1 - User has clicked on search button
[INFO ] 2022-10-22 13:19:08.829 [main] MyStoreV1 - User has clicked on More link
[INFO ] 2022-10-22 13:19:09.054 [main] MyStoreV1 - quantity 2 entered
[INFO ] 2022-10-22 13:19:09.327 [main] MyStoreV1 - Size M entered
[INFO ] 2022-10-22 13:19:26.684 [main] MyStoreV1 - 
*************Testcase search product started*********************
[INFO ] 2022-10-22 13:19:36.712 [main] MyStoreV1 - 
*************verify sign out started*********************
[INFO ] 2022-10-22 13:19:47.125 [main] MyStoreV1 - Driver is closed


New Changes applied for XLS reader
------------------------------------------------------------


[INFO ] 2022-10-22 20:01:57.386 [main] MyStoreV1 - url is opened
[INFO ] 2022-10-22 20:01:58.466 [main] MyStoreV1 - Driver is closed
[INFO ] 2022-10-22 20:03:22.868 [main] MyStoreV1 - url is opened
[INFO ] 2022-10-22 20:03:25.027 [main] MyStoreV1 - verifyUserLogin test execution started....
[INFO ] 2022-10-22 20:03:28.905 [main] MyStoreV1 - Clicked on sign in link
[INFO ] 2022-10-22 20:03:29.466 [main] MyStoreV1 - User entered useremail id : OHKL123@gmail.com
[INFO ] 2022-10-22 20:03:29.566 [main] MyStoreV1 - User entered password
[INFO ] 2022-10-22 20:03:31.151 [main] MyStoreV1 - User Login Submitted...
[INFO ] 2022-10-22 20:03:41.249 [main] MyStoreV1 - verifyUserLogin test execution started....
[INFO ] 2022-10-22 20:03:43.548 [main] MyStoreV1 - Clicked on sign in link
[INFO ] 2022-10-22 20:03:43.678 [main] MyStoreV1 - User entered useremail id : YPJO123@gmail.com
[INFO ] 2022-10-22 20:03:43.875 [main] MyStoreV1 - User entered password
[INFO ] 2022-10-22 20:03:45.158 [main] MyStoreV1 - User Login Submitted...
[INFO ] 2022-10-22 20:04:12.439 [main] MyStoreV1 - Driver is closed
[INFO ] 2022-10-22 20:58:09.375 [main] MyStoreV1 - url is opened
[INFO ] 2022-10-22 20:58:10.665 [main] MyStoreV1 - verifyUserLogin test execution started....
[INFO ] 2022-10-22 20:58:13.508 [main] MyStoreV1 - Clicked on sign in link
[INFO ] 2022-10-22 20:58:13.923 [main] MyStoreV1 - User entered useremail is  : OHKL123@gmail.com
[INFO ] 2022-10-22 20:58:14.142 [main] MyStoreV1 - User entered password
[INFO ] 2022-10-22 20:58:16.153 [main] MyStoreV1 - User Login Submitted...
[INFO ] 2022-10-22 20:58:16.431 [main] MyStoreV1 - verifyUserLogin - Passed
[INFO ] 2022-10-22 20:58:20.050 [main] MyStoreV1 - verifyUserLogin test execution started....
[INFO ] 2022-10-22 20:58:22.371 [main] MyStoreV1 - Clicked on sign in link
[INFO ] 2022-10-22 20:58:22.536 [main] MyStoreV1 - User entered useremail is  : YPJO123@gmail.com
[INFO ] 2022-10-22 20:58:22.638 [main] MyStoreV1 - User entered password
[INFO ] 2022-10-22 20:58:24.969 [main] MyStoreV1 - User Login Submitted...
[INFO ] 2022-10-22 20:58:24.999 [main] MyStoreV1 - verifyUserLogin - Failed
[INFO ] 2022-10-22 20:58:29.530 [main] MyStoreV1 - Driver is closed
[INFO ] 2022-10-27 09:14:57.516 [main] MyStoreV1 - url is opened
[INFO ] 2022-10-27 09:15:00.276 [main] MyStoreV1 - verifyUserLogin test execution started....
[INFO ] 2022-10-27 09:15:04.023 [main] MyStoreV1 - Clicked on sign in link
[INFO ] 2022-10-27 09:15:04.419 [main] MyStoreV1 - User entered useremail is  : OHKL123@gmail.com
[INFO ] 2022-10-27 09:15:04.602 [main] MyStoreV1 - User entered password
[INFO ] 2022-10-27 09:15:07.108 [main] MyStoreV1 - User Login Submitted...
[INFO ] 2022-10-27 09:15:07.318 [main] MyStoreV1 - verifyUserLogin - Passed
[INFO ] 2022-10-27 09:15:10.382 [main] MyStoreV1 - verifyUserLogin test execution started....
[INFO ] 2022-10-27 09:15:12.204 [main] MyStoreV1 - Clicked on sign in link
[INFO ] 2022-10-27 09:15:12.320 [main] MyStoreV1 - User entered useremail is  : YPJO123@gmail.com
[INFO ] 2022-10-27 09:15:12.411 [main] MyStoreV1 - User entered password
[INFO ] 2022-10-27 09:15:14.473 [main] MyStoreV1 - User Login Submitted...
[INFO ] 2022-10-27 09:15:14.504 [main] MyStoreV1 - verifyUserLogin - Failed
[INFO ] 2022-10-27 09:15:21.281 [main] MyStoreV1 - Driver is closed
[INFO ] 2022-10-29 22:57:09.590 [main] MyStoreV1 - url is opened
[INFO ] 2022-10-29 22:57:09.849 [main] MyStoreV1 - 
*************verify AddTo Wishlist WithoutLogin started*********************
[INFO ] 2022-10-29 22:57:21.050 [main] MyStoreV1 - Driver is closed
[INFO ] 2022-10-29 23:14:23.938 [main] MyStoreV1 - url is opened
[INFO ] 2022-10-29 23:14:23.962 [main] MyStoreV1 - 
*************verify AddTo Wishlist WithoutLogin started*********************
[INFO ] 2022-10-29 23:14:24.844 [main] MyStoreV1 - Driver is closed
[INFO ] 2022-10-29 23:18:26.208 [main] MyStoreV1 - url is opened
[INFO ] 2022-10-29 23:18:26.230 [main] MyStoreV1 - 
*************verify AddTo Wishlist WithoutLogin started*********************
[INFO ] 2022-10-29 23:18:38.377 [main] MyStoreV1 - Driver is closed
[INFO ] 2022-10-29 23:21:12.951 [main] MyStoreV1 - url is opened
[INFO ] 2022-10-29 23:21:12.977 [main] MyStoreV1 - 
*************verify AddTo Wishlist WithoutLogin started*********************
[INFO ] 2022-10-29 23:21:16.083 [main] MyStoreV1 - verifyAddToWishlistWithoutLogin - Passed
[INFO ] 2022-10-29 23:21:16.085 [main] MyStoreV1 - 
*************verify ddTo Wishlist Without Login ended*********************
[INFO ] 2022-10-29 23:21:16.558 [main] MyStoreV1 - Driver is closed
[INFO ] 2022-11-04 09:08:32.715 [main] MyStoreV1 - url is opened
[INFO ] 2022-11-04 09:08:32.806 [main] MyStoreV1 - 
*************verify AddTo Wishlist WithoutLogin started*********************
[INFO ] 2022-11-04 09:08:39.140 [main] MyStoreV1 - verifyAddToWishlistWithoutLogin - Passed
[INFO ] 2022-11-04 09:08:39.145 [main] MyStoreV1 - 
*************verify ddTo Wishlist Without Login ended*********************
[INFO ] 2022-11-04 09:08:40.712 [main] MyStoreV1 - Driver is closed
[INFO ] 2022-11-04 09:25:45.075 [main] MyStoreV1 - url is opened
[INFO ] 2022-11-04 09:25:45.796 [main] MyStoreV1 - 
*************verify AddTo Wishlist WithoutLogin started*********************
[INFO ] 2022-11-04 09:26:11.289 [main] MyStoreV1 - Driver is closed
[INFO ] 2022-11-04 09:35:54.555 [main] MyStoreV1 - url is opened
[INFO ] 2022-11-04 09:35:54.641 [main] MyStoreV1 - 
*************verify AddTo Wishlist WithoutLogin started*********************
[INFO ] 2022-11-04 09:36:07.007 [main] MyStoreV1 - Driver is closed
[INFO ] 2022-11-05 19:41:48.176 [main] MyStoreV1 - url is opened
[INFO ] 2022-11-05 19:41:48.600 [main] MyStoreV1 - 
*************verify AddTo Wishlist WithoutLogin started*********************
[INFO ] 2022-11-05 19:42:16.925 [main] MyStoreV1 - verifyAddToWishlistWithoutLogin - Passed
[INFO ] 2022-11-05 19:42:16.929 [main] MyStoreV1 - 
*************verify ddTo Wishlist Without Login ended*********************
[INFO ] 2022-11-05 20:22:02.598 [main] MyStoreV1 - url is opened
[INFO ] 2022-11-05 20:22:02.678 [main] MyStoreV1 - 
*************verify AddTo Wishlist WithoutLogin started*********************
[INFO ] 2022-11-05 20:22:06.479 [main] MyStoreV1 - verifyAddToWishlistWithoutLogin - Passed
[INFO ] 2022-11-05 20:22:06.483 [main] MyStoreV1 - 
*************verify ddTo Wishlist Without Login ended*********************
[INFO ] 2022-11-05 20:22:25.185 [main] MyStoreV1 - Driver is closed
